[debug] [2022-03-11T07:23:18.199Z] ----------------------------------------------------------------------
[debug] [2022-03-11T07:23:18.200Z] Command:       /Users/chriscurnow/.nvm/versions/node/v14.17.1/bin/node /Users/chriscurnow/.nvm/versions/node/v14.17.1/bin/firebase emulators:start --import ../../data/firestore_2021_03_13
[debug] [2022-03-11T07:23:18.200Z] CLI Version:   9.23.0
[debug] [2022-03-11T07:23:18.201Z] Platform:      darwin
[debug] [2022-03-11T07:23:18.201Z] Node Version:  v14.17.1
[debug] [2022-03-11T07:23:18.204Z] Time:          Fri Mar 11 2022 18:23:18 GMT+1100 (Australian Eastern Daylight Time)
[debug] [2022-03-11T07:23:18.204Z] ----------------------------------------------------------------------
[debug] 
[debug] [2022-03-11T07:23:18.208Z] >>> [apiv2][query] GET https://firebase-public.firebaseio.com/cli.json [none]
[debug] [2022-03-11T07:23:18.260Z] Field ".emulators.hosting.port" in "firebase.json" is possibly invalid: should be number
[debug] [2022-03-11T07:23:18.264Z] > command requires scopes: ["email","openid","https://www.googleapis.com/auth/cloudplatformprojects.readonly","https://www.googleapis.com/auth/firebase","https://www.googleapis.com/auth/cloud-platform"]
[debug] [2022-03-11T07:23:18.264Z] > authorizing via signed-in user (chris@4cast.com.au)
[info] i  emulators: Starting emulators: functions, firestore, hosting {"metadata":{"emulator":{"name":"hub"},"message":"Starting emulators: functions, firestore, hosting"}}
[debug] [2022-03-11T07:23:18.278Z] [hub] writing locator at /var/folders/5q/r1j9m3bj1sd243dd7kp_y5600000gn/T/hub-fourcastpro.json
[warn] ⚠  functions: The following emulators are not running, calls to these services from the Functions emulator will affect production: auth, database, pubsub, storage {"metadata":{"emulator":{"name":"functions"},"message":"The following emulators are not running, calls to these services from the Functions emulator will affect production: \u001b[1mauth, database, pubsub, storage\u001b[22m"}}
[info] ✔  functions: Using node@14 from host. {"metadata":{"emulator":{"name":"functions"},"message":"Using node@14 from host."}}
[debug] [2022-03-11T07:23:18.314Z] defaultcredentials: writing to file /Users/chriscurnow/.config/firebase/chris_4cast_com.au_application_default_credentials.json
[debug] [2022-03-11T07:23:18.317Z] Setting GAC to /Users/chriscurnow/.config/firebase/chris_4cast_com.au_application_default_credentials.json {"metadata":{"emulator":{"name":"functions"},"message":"Setting GAC to /Users/chriscurnow/.config/firebase/chris_4cast_com.au_application_default_credentials.json"}}
[debug] [2022-03-11T07:23:18.318Z] > refreshing access token with scopes: []
[debug] [2022-03-11T07:23:18.318Z] >>> HTTP REQUEST POST https://www.googleapis.com/oauth2/v3/token  
 <request body omitted>
[debug] [2022-03-11T07:23:18.568Z] <<< HTTP RESPONSE 200 {"date":"Fri, 11 Mar 2022 07:23:18 GMT","pragma":"no-cache","expires":"Mon, 01 Jan 1990 00:00:00 GMT","cache-control":"no-cache, no-store, max-age=0, must-revalidate","content-type":"application/json; charset=utf-8","vary":"X-Origin, Referer, Origin,Accept-Encoding","server":"scaffolding on HTTPServer2","x-xss-protection":"0","x-frame-options":"SAMEORIGIN","x-content-type-options":"nosniff","alt-svc":"h3=\":443\"; ma=2592000,h3-29=\":443\"; ma=2592000,h3-Q050=\":443\"; ma=2592000,h3-Q046=\":443\"; ma=2592000,h3-Q043=\":443\"; ma=2592000,quic=\":443\"; ma=2592000; v=\"46,43\"","accept-ranges":"none","transfer-encoding":"chunked"}
[debug] [2022-03-11T07:23:18.632Z] >>> [apiv2][query] GET https://firebase.googleapis.com/v1beta1/projects/fourcastpro/adminSdkConfig [none]
[debug] [2022-03-11T07:23:18.938Z] <<< [apiv2][status] GET https://firebase-public.firebaseio.com/cli.json 200
[debug] [2022-03-11T07:23:18.939Z] <<< [apiv2][body] GET https://firebase-public.firebaseio.com/cli.json {"cloudBuildErrorAfter":1594252800000,"cloudBuildWarnAfter":1590019200000,"defaultNode10After":1594252800000,"minVersion":"3.0.5","node8DeploysDisabledAfter":1613390400000,"node8RuntimeDisabledAfter":1615809600000,"node8WarnAfter":1600128000000}
[debug] [2022-03-11T07:23:19.162Z] <<< [apiv2][status] GET https://firebase.googleapis.com/v1beta1/projects/fourcastpro/adminSdkConfig 200
[debug] [2022-03-11T07:23:19.163Z] <<< [apiv2][body] GET https://firebase.googleapis.com/v1beta1/projects/fourcastpro/adminSdkConfig {"projectId":"fourcastpro","databaseURL":"https://fourcastpro.firebaseio.com","storageBucket":"fourcastpro.appspot.com","locationId":"us-central"}
[info] i  firestore: Importing data from /Users/chriscurnow/Projects/4cast/data/firestore_2021_03_13/firestore_export/firestore_export.overall_export_metadata {"metadata":{"emulator":{"name":"firestore"},"message":"Importing data from /Users/chriscurnow/Projects/4cast/data/firestore_2021_03_13/firestore_export/firestore_export.overall_export_metadata"}}
[debug] [2022-03-11T07:23:19.196Z] Ignoring unsupported arg: projectId {"metadata":{"emulator":{"name":"firestore"},"message":"Ignoring unsupported arg: projectId"}}
[debug] [2022-03-11T07:23:19.197Z] Ignoring unsupported arg: auto_download {"metadata":{"emulator":{"name":"firestore"},"message":"Ignoring unsupported arg: auto_download"}}
[debug] [2022-03-11T07:23:19.197Z] Starting Firestore Emulator with command {"binary":"java","args":["-Dgoogle.cloud_firestore.debug_log_level=FINE","-Duser.language=en","-jar","/Users/chriscurnow/.cache/firebase/emulators/cloud-firestore-emulator-v1.13.1.jar","--host","localhost","--port",8080,"--seed_from_export","/Users/chriscurnow/Projects/4cast/data/firestore_2021_03_13/firestore_export/firestore_export.overall_export_metadata","--rules","/Users/chriscurnow/Projects/4cast/workspace/firestore.rules","--functions_emulator","localhost:5001"],"optionalArgs":["port","webchannel_port","host","rules","functions_emulator","seed_from_export"],"joinArgs":false} {"metadata":{"emulator":{"name":"firestore"},"message":"Starting Firestore Emulator with command {\"binary\":\"java\",\"args\":[\"-Dgoogle.cloud_firestore.debug_log_level=FINE\",\"-Duser.language=en\",\"-jar\",\"/Users/chriscurnow/.cache/firebase/emulators/cloud-firestore-emulator-v1.13.1.jar\",\"--host\",\"localhost\",\"--port\",8080,\"--seed_from_export\",\"/Users/chriscurnow/Projects/4cast/data/firestore_2021_03_13/firestore_export/firestore_export.overall_export_metadata\",\"--rules\",\"/Users/chriscurnow/Projects/4cast/workspace/firestore.rules\",\"--functions_emulator\",\"localhost:5001\"],\"optionalArgs\":[\"port\",\"webchannel_port\",\"host\",\"rules\",\"functions_emulator\",\"seed_from_export\"],\"joinArgs\":false}"}}
[info] i  firestore: Firestore Emulator logging to firestore-debug.log {"metadata":{"emulator":{"name":"firestore"},"message":"Firestore Emulator logging to \u001b[1mfirestore-debug.log\u001b[22m"}}
[debug] [2022-03-11T07:23:21.130Z] Mar 11, 2022 6:23:21 PM com.google.cloud.datastore.emulator.firestore.websocket.WebSocketServer start
INFO: Started WebSocket server on ws://localhost:64292
 {"metadata":{"emulator":{"name":"firestore"},"message":"Mar 11, 2022 6:23:21 PM com.google.cloud.datastore.emulator.firestore.websocket.WebSocketServer start\nINFO: Started WebSocket server on ws://localhost:64292\n"}}
[debug] [2022-03-11T07:23:21.153Z] API endpoint: http:// {"metadata":{"emulator":{"name":"firestore"},"message":"API endpoint: http://"}}
[debug] [2022-03-11T07:23:21.153Z] localhost:8080
If you are using a library that supports the FIRESTORE_EMULATOR_HOST environment variable, run:

   export FIRESTORE_EMULATOR_HOST=localhost:8080

Dev App Server is now running.

 {"metadata":{"emulator":{"name":"firestore"},"message":"localhost:8080\nIf you are using a library that supports the FIRESTORE_EMULATOR_HOST environment variable, run:\n\n   export FIRESTORE_EMULATOR_HOST=localhost:8080\n\nDev App Server is now running.\n\n"}}
[debug] [2022-03-11T07:23:21.239Z] >>> [apiv2][query] GET https://firebasehosting.googleapis.com/v1beta1/projects/fourcastpro/sites 
[debug] [2022-03-11T07:23:22.712Z] <<< [apiv2][status] GET https://firebasehosting.googleapis.com/v1beta1/projects/fourcastpro/sites 200
[debug] [2022-03-11T07:23:22.713Z] <<< [apiv2][body] GET https://firebasehosting.googleapis.com/v1beta1/projects/fourcastpro/sites {"sites":[{"name":"projects/346034054648/sites/fourcastpro","defaultUrl":"https://fourcastpro.web.app","appId":"1:346034054648:web:ac48b61dee6045a66da20d","type":"DEFAULT_SITE"}]}
[debug] [2022-03-11T07:23:22.714Z] >>> [apiv2][query] GET https://firebase.googleapis.com/v1beta1/projects/fourcastpro/webApps/1:346034054648:web:ac48b61dee6045a66da20d/config [none]
[debug] [2022-03-11T07:23:24.341Z] <<< [apiv2][status] GET https://firebase.googleapis.com/v1beta1/projects/fourcastpro/webApps/1:346034054648:web:ac48b61dee6045a66da20d/config 200
[debug] [2022-03-11T07:23:24.342Z] <<< [apiv2][body] GET https://firebase.googleapis.com/v1beta1/projects/fourcastpro/webApps/1:346034054648:web:ac48b61dee6045a66da20d/config {"projectId":"fourcastpro","appId":"1:346034054648:web:ac48b61dee6045a66da20d","databaseURL":"https://fourcastpro.firebaseio.com","storageBucket":"fourcastpro.appspot.com","locationId":"us-central","apiKey":"AIzaSyDDC8OlxiOrUK7dokf0Ad12dX3vorS6wag","authDomain":"fourcastpro.firebaseapp.com","messagingSenderId":"346034054648"}
[info] i  hosting: Serving hosting files from: public {"metadata":{"emulator":{"name":"hosting"},"message":"Serving hosting files from: \u001b[1mpublic\u001b[22m"}}
[info] ✔  hosting: Local server: http://localhost:8090 {"metadata":{"emulator":{"name":"hosting"},"message":"Local server: \u001b[4m\u001b[1mhttp://localhost:8090\u001b[22m\u001b[24m"}}
[debug] [2022-03-11T07:23:24.407Z] Ignoring unsupported arg: auto_download {"metadata":{"emulator":{"name":"ui"},"message":"Ignoring unsupported arg: auto_download"}}
[debug] [2022-03-11T07:23:24.408Z] Ignoring unsupported arg: port {"metadata":{"emulator":{"name":"ui"},"message":"Ignoring unsupported arg: port"}}
[debug] [2022-03-11T07:23:24.408Z] Starting Emulator UI with command {"binary":"node","args":["/Users/chriscurnow/.cache/firebase/emulators/ui-v1.6.4/server.bundle.js"],"optionalArgs":[],"joinArgs":false} {"metadata":{"emulator":{"name":"ui"},"message":"Starting Emulator UI with command {\"binary\":\"node\",\"args\":[\"/Users/chriscurnow/.cache/firebase/emulators/ui-v1.6.4/server.bundle.js\"],\"optionalArgs\":[],\"joinArgs\":false}"}}
[info] i  ui: Emulator UI logging to ui-debug.log {"metadata":{"emulator":{"name":"ui"},"message":"Emulator UI logging to \u001b[1mui-debug.log\u001b[22m"}}
[debug] [2022-03-11T07:23:24.487Z] Web / API server started at localhost:4000
 {"metadata":{"emulator":{"name":"ui"},"message":"Web / API server started at localhost:4000\n"}}
[info] i  functions: Watching "/Users/chriscurnow/Projects/4cast/workspace/functions" for Cloud Functions... {"metadata":{"emulator":{"name":"functions"},"message":"Watching \"/Users/chriscurnow/Projects/4cast/workspace/functions\" for Cloud Functions..."}}
[debug] [2022-03-11T07:23:24.693Z] [worker-pool] addWorker(~diagnostic~) {"metadata":{"emulator":{"name":"functions"},"message":"[worker-pool] addWorker(~diagnostic~)"}}
[debug] [2022-03-11T07:23:24.694Z] [worker-pool] Adding worker with key ~diagnostic~, total=1 {"metadata":{"emulator":{"name":"functions"},"message":"[worker-pool] Adding worker with key ~diagnostic~, total=1"}}
[debug] [2022-03-11T07:23:24.694Z] [worker-pool] submitWork(triggerId=) {"metadata":{"emulator":{"name":"functions"},"message":"[worker-pool] submitWork(triggerId=)"}}
[debug] [2022-03-11T07:23:24.694Z] [worker-~diagnostic~-bd419a8d-77c6-4950-89ae-9073b22577f5]: Assigning socketPath: /var/folders/5q/r1j9m3bj1sd243dd7kp_y5600000gn/T/fire_emu_33536.sock {"metadata":{"emulator":{"name":"functions"},"message":"[worker-~diagnostic~-bd419a8d-77c6-4950-89ae-9073b22577f5]: Assigning socketPath: /var/folders/5q/r1j9m3bj1sd243dd7kp_y5600000gn/T/fire_emu_33536.sock"}}
[debug] [2022-03-11T07:23:24.695Z] [worker-~diagnostic~-bd419a8d-77c6-4950-89ae-9073b22577f5]: BUSY {"metadata":{"emulator":{"name":"functions"},"message":"[worker-~diagnostic~-bd419a8d-77c6-4950-89ae-9073b22577f5]: BUSY"}}
[debug] [2022-03-11T07:23:24.793Z] [runtime-status] [33536] Functions runtime initialized. {"cwd":"/Users/chriscurnow/Projects/4cast/workspace/functions","node_version":"14.17.1"} {"metadata":{"emulator":{"name":"functions"},"message":"[runtime-status] [33536] Functions runtime initialized. {\"cwd\":\"/Users/chriscurnow/Projects/4cast/workspace/functions\",\"node_version\":\"14.17.1\"}"}}
[debug] [2022-03-11T07:23:24.794Z] [runtime-status] [33536] Disabled runtime features: undefined {"metadata":{"emulator":{"name":"functions"},"message":"[runtime-status] [33536] Disabled runtime features: undefined"}}
[debug] [2022-03-11T07:23:24.797Z] [runtime-status] [33536] Resolved module firebase-admin {"declared":true,"installed":true,"version":"9.10.0","resolution":"/Users/chriscurnow/Projects/4cast/workspace/functions/node_modules/firebase-admin/lib/index.js"} {"metadata":{"emulator":{"name":"functions"},"message":"[runtime-status] [33536] Resolved module firebase-admin {\"declared\":true,\"installed\":true,\"version\":\"9.10.0\",\"resolution\":\"/Users/chriscurnow/Projects/4cast/workspace/functions/node_modules/firebase-admin/lib/index.js\"}"}}
[debug] [2022-03-11T07:23:24.798Z] [runtime-status] [33536] Resolved module firebase-functions {"declared":true,"installed":true,"version":"3.14.1","resolution":"/Users/chriscurnow/Projects/4cast/workspace/functions/node_modules/firebase-functions/lib/index.js"} {"metadata":{"emulator":{"name":"functions"},"message":"[runtime-status] [33536] Resolved module firebase-functions {\"declared\":true,\"installed\":true,\"version\":\"3.14.1\",\"resolution\":\"/Users/chriscurnow/Projects/4cast/workspace/functions/node_modules/firebase-functions/lib/index.js\"}"}}
[debug] [2022-03-11T07:23:24.799Z] [runtime-status] [33536] Outgoing network have been stubbed. [{"name":"http","status":"mocked"},{"name":"http","status":"mocked"},{"name":"https","status":"mocked"},{"name":"https","status":"mocked"},{"name":"net","status":"mocked"}] {"metadata":{"emulator":{"name":"functions"},"message":"[runtime-status] [33536] Outgoing network have been stubbed. [{\"name\":\"http\",\"status\":\"mocked\"},{\"name\":\"http\",\"status\":\"mocked\"},{\"name\":\"https\",\"status\":\"mocked\"},{\"name\":\"https\",\"status\":\"mocked\"},{\"name\":\"net\",\"status\":\"mocked\"}]"}}
[debug] [2022-03-11T07:23:24.799Z] [runtime-status] [33536] Resolved module firebase-functions {"declared":true,"installed":true,"version":"3.14.1","resolution":"/Users/chriscurnow/Projects/4cast/workspace/functions/node_modules/firebase-functions/lib/index.js"} {"metadata":{"emulator":{"name":"functions"},"message":"[runtime-status] [33536] Resolved module firebase-functions {\"declared\":true,\"installed\":true,\"version\":\"3.14.1\",\"resolution\":\"/Users/chriscurnow/Projects/4cast/workspace/functions/node_modules/firebase-functions/lib/index.js\"}"}}
[debug] [2022-03-11T07:23:24.825Z] [runtime-status] [33536] Checked functions.config() {"config":{}} {"metadata":{"emulator":{"name":"functions"},"message":"[runtime-status] [33536] Checked functions.config() {\"config\":{}}"}}
[debug] [2022-03-11T07:23:24.825Z] [runtime-status] [33536] firebase-functions has been stubbed. {"functionsResolution":{"declared":true,"installed":true,"version":"3.14.1","resolution":"/Users/chriscurnow/Projects/4cast/workspace/functions/node_modules/firebase-functions/lib/index.js"}} {"metadata":{"emulator":{"name":"functions"},"message":"[runtime-status] [33536] firebase-functions has been stubbed. {\"functionsResolution\":{\"declared\":true,\"installed\":true,\"version\":\"3.14.1\",\"resolution\":\"/Users/chriscurnow/Projects/4cast/workspace/functions/node_modules/firebase-functions/lib/index.js\"}}"}}
[debug] [2022-03-11T07:23:24.825Z] [runtime-status] [33536] Resolved module firebase-functions {"declared":true,"installed":true,"version":"3.14.1","resolution":"/Users/chriscurnow/Projects/4cast/workspace/functions/node_modules/firebase-functions/lib/index.js"} {"metadata":{"emulator":{"name":"functions"},"message":"[runtime-status] [33536] Resolved module firebase-functions {\"declared\":true,\"installed\":true,\"version\":\"3.14.1\",\"resolution\":\"/Users/chriscurnow/Projects/4cast/workspace/functions/node_modules/firebase-functions/lib/index.js\"}"}}
[debug] [2022-03-11T07:23:24.825Z] [runtime-status] [33536] Resolved module firebase-admin {"declared":true,"installed":true,"version":"9.10.0","resolution":"/Users/chriscurnow/Projects/4cast/workspace/functions/node_modules/firebase-admin/lib/index.js"} {"metadata":{"emulator":{"name":"functions"},"message":"[runtime-status] [33536] Resolved module firebase-admin {\"declared\":true,\"installed\":true,\"version\":\"9.10.0\",\"resolution\":\"/Users/chriscurnow/Projects/4cast/workspace/functions/node_modules/firebase-admin/lib/index.js\"}"}}
[debug] [2022-03-11T07:23:24.825Z] [runtime-status] [33536] Resolved module firebase-functions {"declared":true,"installed":true,"version":"3.14.1","resolution":"/Users/chriscurnow/Projects/4cast/workspace/functions/node_modules/firebase-functions/lib/index.js"} {"metadata":{"emulator":{"name":"functions"},"message":"[runtime-status] [33536] Resolved module firebase-functions {\"declared\":true,\"installed\":true,\"version\":\"3.14.1\",\"resolution\":\"/Users/chriscurnow/Projects/4cast/workspace/functions/node_modules/firebase-functions/lib/index.js\"}"}}
[debug] [2022-03-11T07:23:24.826Z] [runtime-status] [33536] firebase-admin has been stubbed. {"adminResolution":{"declared":true,"installed":true,"version":"9.10.0","resolution":"/Users/chriscurnow/Projects/4cast/workspace/functions/node_modules/firebase-admin/lib/index.js"}} {"metadata":{"emulator":{"name":"functions"},"message":"[runtime-status] [33536] firebase-admin has been stubbed. {\"adminResolution\":{\"declared\":true,\"installed\":true,\"version\":\"9.10.0\",\"resolution\":\"/Users/chriscurnow/Projects/4cast/workspace/functions/node_modules/firebase-admin/lib/index.js\"}}"}}
[warn] ⚠  Error: Cannot find module '@fourcast/subcontract'
Require stack:
- /Users/chriscurnow/Projects/4cast/workspace/functions/lib/subcontracts/payments/subcontract-payment-functions.js
- /Users/chriscurnow/Projects/4cast/workspace/functions/lib/subcontracts/payments/index.js
- /Users/chriscurnow/Projects/4cast/workspace/functions/lib/subcontracts/index.js
- /Users/chriscurnow/Projects/4cast/workspace/functions/lib/index.js
- /Users/chriscurnow/.nvm/versions/node/v14.17.1/lib/node_modules/firebase-tools/lib/emulator/functionsEmulatorRuntime.js
    at Function.Module._resolveFilename (internal/modules/cjs/loader.js:902:15)
    at Function.Module._load (internal/modules/cjs/loader.js:746:27)
    at Module.require (internal/modules/cjs/loader.js:974:19)
    at require (internal/modules/cjs/helpers.js:92:18)
    at Object.<anonymous> (/Users/chriscurnow/Projects/4cast/workspace/functions/lib/subcontracts/payments/subcontract-payment-functions.js:25:23)
    at Module._compile (internal/modules/cjs/loader.js:1085:14)
    at Object.Module._extensions..js (internal/modules/cjs/loader.js:1114:10)
    at Module.load (internal/modules/cjs/loader.js:950:32)
    at Function.Module._load (internal/modules/cjs/loader.js:790:14)
    at Module.require (internal/modules/cjs/loader.js:974:19) {"metadata":{"emulator":{"name":"functions"},"message":"Error: Cannot find module '@fourcast/subcontract'\nRequire stack:\n- /Users/chriscurnow/Projects/4cast/workspace/functions/lib/subcontracts/payments/subcontract-payment-functions.js\n- /Users/chriscurnow/Projects/4cast/workspace/functions/lib/subcontracts/payments/index.js\n- /Users/chriscurnow/Projects/4cast/workspace/functions/lib/subcontracts/index.js\n- /Users/chriscurnow/Projects/4cast/workspace/functions/lib/index.js\n- /Users/chriscurnow/.nvm/versions/node/v14.17.1/lib/node_modules/firebase-tools/lib/emulator/functionsEmulatorRuntime.js\n    at Function.Module._resolveFilename (internal/modules/cjs/loader.js:902:15)\n    at Function.Module._load (internal/modules/cjs/loader.js:746:27)\n    at Module.require (internal/modules/cjs/loader.js:974:19)\n    at require (internal/modules/cjs/helpers.js:92:18)\n    at Object.<anonymous> (/Users/chriscurnow/Projects/4cast/workspace/functions/lib/subcontracts/payments/subcontract-payment-functions.js:25:23)\n    at Module._compile (internal/modules/cjs/loader.js:1085:14)\n    at Object.Module._extensions..js (internal/modules/cjs/loader.js:1114:10)\n    at Module.load (internal/modules/cjs/loader.js:950:32)\n    at Function.Module._load (internal/modules/cjs/loader.js:790:14)\n    at Module.require (internal/modules/cjs/loader.js:974:19)"}}
[warn] ⚠  We were unable to load your functions code. (see above)
   - It appears your code is written in Typescript, which must be compiled before emulation.
   - You may be able to run "npm run build" in your functions directory to resolve this. {"metadata":{"emulator":{"name":"functions"}}}
[debug] [2022-03-11T07:23:24.845Z] [worker-~diagnostic~-bd419a8d-77c6-4950-89ae-9073b22577f5]: exited {"metadata":{"emulator":{"name":"functions"},"message":"[worker-~diagnostic~-bd419a8d-77c6-4950-89ae-9073b22577f5]: exited"}}
[debug] [2022-03-11T07:23:24.845Z] [worker-~diagnostic~-bd419a8d-77c6-4950-89ae-9073b22577f5]: FINISHED {"metadata":{"emulator":{"name":"functions"},"message":"[worker-~diagnostic~-bd419a8d-77c6-4950-89ae-9073b22577f5]: FINISHED"}}
